<?xml version="1.0" encoding="UTF-8"?>
<robot generator="Robot 6.0.1 (Python 3.10.6 on win32)" generated="20221202 23:57:23.483" rpa="false" schemaversion="3">
<suite id="s1" name="Admin" source="C:\Users\RossRecto\PycharmProjects\robottest\PycharmProjects\robotframework\test\admin.robot">
<test id="s1-t1" name="Web Health Center Info System Admin" line="18">
<kw name="Open Browser" library="SeleniumLibrary">
<arg>http://brgysanjose.gocenter.online/bhcadmin/</arg>
<arg>Chrome</arg>
<doc>Opens a new browser instance to the optional ``url``.</doc>
<msg timestamp="20221202 23:57:34.702" level="INFO">Opening browser 'Chrome' to base url 'http://brgysanjose.gocenter.online/bhcadmin/'.</msg>
<status status="PASS" starttime="20221202 23:57:34.673" endtime="20221202 23:58:03.284"/>
</kw>
<kw name="Wait Until Element Is Visible" library="SeleniumLibrary">
<arg>id:email</arg>
<arg>timeout=5</arg>
<doc>Waits until the element ``locator`` is visible.</doc>
<status status="PASS" starttime="20221202 23:58:03.286" endtime="20221202 23:58:03.901"/>
</kw>
<status status="PASS" starttime="20221202 23:57:34.651" endtime="20221202 23:58:03.902"/>
</test>
<test id="s1-t2" name="Login - Input Email for Logging in the Admin" line="23">
<kw name="Input Text" library="SeleniumLibrary">
<arg>id:email</arg>
<arg>ross.recto.c@bulsu.edu.ph</arg>
<doc>Types the given ``text`` into the text field identified by ``locator``.</doc>
<msg timestamp="20221202 23:58:03.917" level="INFO">Typing text 'ross.recto.c@bulsu.edu.ph' into text field 'id:email'.</msg>
<status status="PASS" starttime="20221202 23:58:03.916" endtime="20221202 23:58:04.651"/>
</kw>
<kw name="Click Element" library="SeleniumLibrary">
<arg>xpath://button[contains(.,'Send OTP')]</arg>
<doc>Click the element identified by ``locator``.</doc>
<msg timestamp="20221202 23:58:04.657" level="INFO">Clicking element 'xpath://button[contains(.,'Send OTP')]'.</msg>
<status status="PASS" starttime="20221202 23:58:04.652" endtime="20221202 23:58:04.853"/>
</kw>
<kw name="Wait Until Element Is Visible" library="SeleniumLibrary">
<arg>id:otp</arg>
<doc>Waits until the element ``locator`` is visible.</doc>
<status status="PASS" starttime="20221202 23:58:04.864" endtime="20221202 23:58:07.051"/>
</kw>
<status status="PASS" starttime="20221202 23:58:03.912" endtime="20221202 23:58:07.052"/>
</test>
<test id="s1-t3" name="Login - Input OTP to Verify Account" line="28">
<kw name="Input Text" library="SeleniumLibrary">
<arg>id:otp</arg>
<arg>0000</arg>
<doc>Types the given ``text`` into the text field identified by ``locator``.</doc>
<msg timestamp="20221202 23:58:07.079" level="INFO">Typing text '0000' into text field 'id:otp'.</msg>
<status status="PASS" starttime="20221202 23:58:07.074" endtime="20221202 23:58:07.884"/>
</kw>
<kw name="Click Element" library="SeleniumLibrary">
<arg>xpath://button[contains(.,'Verify')]</arg>
<doc>Click the element identified by ``locator``.</doc>
<msg timestamp="20221202 23:58:07.894" level="INFO">Clicking element 'xpath://button[contains(.,'Verify')]'.</msg>
<status status="PASS" starttime="20221202 23:58:07.890" endtime="20221202 23:58:08.132"/>
</kw>
<status status="PASS" starttime="20221202 23:58:07.067" endtime="20221202 23:58:08.140"/>
</test>
<test id="s1-t4" name="Login - Input Password for Confirmation" line="32">
<kw name="Input Text" library="SeleniumLibrary">
<arg>id:id_password1</arg>
<arg>adminacc123</arg>
<doc>Types the given ``text`` into the text field identified by ``locator``.</doc>
<msg timestamp="20221202 23:58:08.151" level="INFO">Typing text 'adminacc123' into text field 'id:id_password1'.</msg>
<status status="PASS" starttime="20221202 23:58:08.150" endtime="20221202 23:58:08.544"/>
</kw>
<kw name="Click Element" library="SeleniumLibrary">
<arg>xpath://button[contains(.,'submit')]</arg>
<doc>Click the element identified by ``locator``.</doc>
<msg timestamp="20221202 23:58:08.547" level="INFO">Clicking element 'xpath://button[contains(.,'submit')]'.</msg>
<status status="PASS" starttime="20221202 23:58:08.546" endtime="20221202 23:58:12.099"/>
</kw>
<status status="PASS" starttime="20221202 23:58:08.148" endtime="20221202 23:58:12.115"/>
</test>
<test id="s1-t5" name="Documents" line="40">
<kw name="Click Element" library="SeleniumLibrary">
<arg>xpath://span[contains(.,'Documents')]</arg>
<doc>Click the element identified by ``locator``.</doc>
<msg timestamp="20221202 23:58:12.132" level="INFO">Clicking element 'xpath://span[contains(.,'Documents')]'.</msg>
<status status="PASS" starttime="20221202 23:58:12.130" endtime="20221202 23:58:13.796"/>
</kw>
<status status="PASS" starttime="20221202 23:58:12.118" endtime="20221202 23:58:13.798"/>
</test>
<test id="s1-t6" name="Record for Morbidity" line="47">
<kw name="Click Element" library="SeleniumLibrary">
<arg>xpath://div/div[2]/div</arg>
<doc>Click the element identified by ``locator``.</doc>
<msg timestamp="20221202 23:58:13.807" level="INFO">Clicking element 'xpath://div/div[2]/div'.</msg>
<status status="PASS" starttime="20221202 23:58:13.801" endtime="20221202 23:58:16.966"/>
</kw>
<status status="PASS" starttime="20221202 23:58:13.800" endtime="20221202 23:58:16.978"/>
</test>
<test id="s1-t7" name="Click Add" line="50">
<kw name="Click Element" library="SeleniumLibrary">
<arg>xpath=//span[contains(.,'add_box')]</arg>
<doc>Click the element identified by ``locator``.</doc>
<msg timestamp="20221202 23:58:16.994" level="INFO">Clicking element 'xpath=//span[contains(.,'add_box')]'.</msg>
<status status="PASS" starttime="20221202 23:58:16.993" endtime="20221202 23:58:19.201"/>
</kw>
<status status="PASS" starttime="20221202 23:58:16.987" endtime="20221202 23:58:19.209"/>
</test>
<test id="s1-t8" name="Type First Name" line="53">
<kw name="Input Text" library="SeleniumLibrary">
<arg>id=id_first_name</arg>
<arg>test</arg>
<doc>Types the given ``text`` into the text field identified by ``locator``.</doc>
<msg timestamp="20221202 23:58:19.214" level="INFO">Typing text 'test' into text field 'id=id_first_name'.</msg>
<status status="PASS" starttime="20221202 23:58:19.212" endtime="20221202 23:58:19.582"/>
</kw>
<status status="PASS" starttime="20221202 23:58:19.211" endtime="20221202 23:58:19.583"/>
</test>
<test id="s1-t9" name="Type Second Name" line="56">
<kw name="Input Text" library="SeleniumLibrary">
<arg>id=id_last_name</arg>
<arg>test</arg>
<doc>Types the given ``text`` into the text field identified by ``locator``.</doc>
<msg timestamp="20221202 23:58:19.628" level="INFO">Typing text 'test' into text field 'id=id_last_name'.</msg>
<status status="PASS" starttime="20221202 23:58:19.627" endtime="20221202 23:58:20.047"/>
</kw>
<status status="PASS" starttime="20221202 23:58:19.592" endtime="20221202 23:58:20.048"/>
</test>
<test id="s1-t10" name="Click Submit" line="59">
<kw name="Click Element" library="SeleniumLibrary">
<arg>xpath=//button[contains(.,'Submit')]</arg>
<doc>Click the element identified by ``locator``.</doc>
<msg timestamp="20221202 23:58:20.060" level="INFO">Clicking element 'xpath=//button[contains(.,'Submit')]'.</msg>
<status status="PASS" starttime="20221202 23:58:20.059" endtime="20221202 23:58:25.414"/>
</kw>
<status status="PASS" starttime="20221202 23:58:20.050" endtime="20221202 23:58:25.431"/>
</test>
<test id="s1-t11" name="Click Edit" line="62">
<kw name="Click Element" library="SeleniumLibrary">
<arg>xpath=//span[contains(.,'edit')]</arg>
<doc>Click the element identified by ``locator``.</doc>
<msg timestamp="20221202 23:58:25.442" level="INFO">Clicking element 'xpath=//span[contains(.,'edit')]'.</msg>
<status status="PASS" starttime="20221202 23:58:25.440" endtime="20221202 23:58:26.966"/>
</kw>
<status status="PASS" starttime="20221202 23:58:25.437" endtime="20221202 23:58:26.975"/>
</test>
<test id="s1-t12" name="Click Submit" line="65">
<kw name="Click Element" library="SeleniumLibrary">
<arg>xpath=//button[contains(.,'Submit')]</arg>
<doc>Click the element identified by ``locator``.</doc>
<msg timestamp="20221202 23:58:26.981" level="INFO">Clicking element 'xpath=//button[contains(.,'Submit')]'.</msg>
<status status="PASS" starttime="20221202 23:58:26.980" endtime="20221202 23:58:32.199"/>
</kw>
<status status="PASS" starttime="20221202 23:58:26.978" endtime="20221202 23:58:32.212"/>
</test>
<test id="s1-t13" name="Click Delete" line="68">
<kw name="Click Element" library="SeleniumLibrary">
<arg>xpath=//span[contains(.,'delete')]</arg>
<doc>Click the element identified by ``locator``.</doc>
<msg timestamp="20221202 23:58:32.224" level="INFO">Clicking element 'xpath=//span[contains(.,'delete')]'.</msg>
<status status="PASS" starttime="20221202 23:58:32.222" endtime="20221202 23:58:34.362"/>
</kw>
<status status="PASS" starttime="20221202 23:58:32.215" endtime="20221202 23:58:34.364"/>
</test>
<test id="s1-t14" name="Click Yes" line="71">
<kw name="Click Element" library="SeleniumLibrary">
<arg>xpath=//input[2]</arg>
<doc>Click the element identified by ``locator``.</doc>
<msg timestamp="20221202 23:58:34.398" level="INFO">Clicking element 'xpath=//input[2]'.</msg>
<status status="PASS" starttime="20221202 23:58:34.396" endtime="20221202 23:58:37.954"/>
</kw>
<status status="PASS" starttime="20221202 23:58:34.391" endtime="20221202 23:58:38.028"/>
</test>
<test id="s1-t15" name="Record for Morbidity - Back document" line="74">
<kw name="Click Element" library="SeleniumLibrary">
<arg>xpath://span[contains(.,'arrow_back')]</arg>
<doc>Click the element identified by ``locator``.</doc>
<msg timestamp="20221202 23:58:38.110" level="INFO">Clicking element 'xpath://span[contains(.,'arrow_back')]'.</msg>
<status status="PASS" starttime="20221202 23:58:38.109" endtime="20221202 23:58:39.828"/>
</kw>
<status status="PASS" starttime="20221202 23:58:38.059" endtime="20221202 23:58:39.829"/>
</test>
<test id="s1-t16" name="Child Masterlist" line="80">
<kw name="Click Element" library="SeleniumLibrary">
<arg>xpath://div/div[2]/div/div/div[2]/div</arg>
<doc>Click the element identified by ``locator``.</doc>
<msg timestamp="20221202 23:58:39.844" level="INFO">Clicking element 'xpath://div/div[2]/div/div/div[2]/div'.</msg>
<status status="PASS" starttime="20221202 23:58:39.842" endtime="20221202 23:58:41.543"/>
</kw>
<status status="PASS" starttime="20221202 23:58:39.831" endtime="20221202 23:58:41.572"/>
</test>
<test id="s1-t17" name="Click the Plus" line="83">
<kw name="Click Element" library="SeleniumLibrary">
<arg>xpath=//a[2]/span</arg>
<doc>Click the element identified by ``locator``.</doc>
<msg timestamp="20221202 23:58:41.601" level="INFO">Clicking element 'xpath=//a[2]/span'.</msg>
<status status="PASS" starttime="20221202 23:58:41.600" endtime="20221202 23:58:44.258"/>
</kw>
<status status="PASS" starttime="20221202 23:58:41.596" endtime="20221202 23:58:44.260"/>
</test>
<test id="s1-t18" name="Type First Name" line="86">
<kw name="Input Text" library="SeleniumLibrary">
<arg>id=id_first_name</arg>
<arg>test</arg>
<doc>Types the given ``text`` into the text field identified by ``locator``.</doc>
<msg timestamp="20221202 23:58:44.276" level="INFO">Typing text 'test' into text field 'id=id_first_name'.</msg>
<status status="PASS" starttime="20221202 23:58:44.274" endtime="20221202 23:58:44.747"/>
</kw>
<status status="PASS" starttime="20221202 23:58:44.272" endtime="20221202 23:58:44.755"/>
</test>
<test id="s1-t19" name="Type Second Name" line="89">
<kw name="Input Text" library="SeleniumLibrary">
<arg>id=id_last_name</arg>
<arg>test</arg>
<doc>Types the given ``text`` into the text field identified by ``locator``.</doc>
<msg timestamp="20221202 23:58:44.761" level="INFO">Typing text 'test' into text field 'id=id_last_name'.</msg>
<status status="PASS" starttime="20221202 23:58:44.759" endtime="20221202 23:58:45.113"/>
</kw>
<status status="PASS" starttime="20221202 23:58:44.758" endtime="20221202 23:58:45.121"/>
</test>
<test id="s1-t20" name="Click Submit" line="92">
<kw name="Wait Until Element Is Visible" library="SeleniumLibrary">
<arg>xpath=//div/button</arg>
<doc>Waits until the element ``locator`` is visible.</doc>
<status status="PASS" starttime="20221202 23:58:45.126" endtime="20221202 23:58:45.210"/>
</kw>
<kw name="Click Element" library="SeleniumLibrary">
<arg>xpath=//div/button</arg>
<doc>Click the element identified by ``locator``.</doc>
<msg timestamp="20221202 23:58:45.215" level="INFO">Clicking element 'xpath=//div/button'.</msg>
<status status="PASS" starttime="20221202 23:58:45.212" endtime="20221202 23:58:46.692"/>
</kw>
<status status="PASS" starttime="20221202 23:58:45.125" endtime="20221202 23:58:46.693"/>
</test>
<test id="s1-t21" name="Click the Eye" line="96">
<kw name="Click Element" library="SeleniumLibrary">
<arg>xpath=//td[4]/a/span</arg>
<doc>Click the element identified by ``locator``.</doc>
<msg timestamp="20221202 23:58:46.708" level="INFO">Clicking element 'xpath=//td[4]/a/span'.</msg>
<status status="PASS" starttime="20221202 23:58:46.707" endtime="20221202 23:58:48.126"/>
</kw>
<status status="PASS" starttime="20221202 23:58:46.696" endtime="20221202 23:58:48.128"/>
</test>
<test id="s1-t22" name="Click Edit" line="99">
<kw name="Click Element" library="SeleniumLibrary">
<arg>xpath=//a[2]/span</arg>
<doc>Click the element identified by ``locator``.</doc>
<msg timestamp="20221202 23:58:48.142" level="INFO">Clicking element 'xpath=//a[2]/span'.</msg>
<status status="PASS" starttime="20221202 23:58:48.141" endtime="20221202 23:58:49.873"/>
</kw>
<status status="PASS" starttime="20221202 23:58:48.140" endtime="20221202 23:58:49.875"/>
</test>
<test id="s1-t23" name="Click Submit" line="102">
<kw name="Click Element" library="SeleniumLibrary">
<arg>xpath=//div/button</arg>
<doc>Click the element identified by ``locator``.</doc>
<msg timestamp="20221202 23:58:49.894" level="INFO">Clicking element 'xpath=//div/button'.</msg>
<status status="PASS" starttime="20221202 23:58:49.893" endtime="20221202 23:58:51.391"/>
</kw>
<status status="PASS" starttime="20221202 23:58:49.886" endtime="20221202 23:58:51.394"/>
</test>
<test id="s1-t24" name="Click the Eye" line="105">
<kw name="Click Element" library="SeleniumLibrary">
<arg>xpath=//td[4]/a/span</arg>
<doc>Click the element identified by ``locator``.</doc>
<msg timestamp="20221202 23:58:51.411" level="INFO">Clicking element 'xpath=//td[4]/a/span'.</msg>
<status status="PASS" starttime="20221202 23:58:51.410" endtime="20221202 23:58:52.595"/>
</kw>
<status status="PASS" starttime="20221202 23:58:51.408" endtime="20221202 23:58:52.601"/>
</test>
<test id="s1-t25" name="Click the Trash" line="108">
<kw name="Click Element" library="SeleniumLibrary">
<arg>xpath=//a[3]/span</arg>
<doc>Click the element identified by ``locator``.</doc>
<msg timestamp="20221202 23:58:52.624" level="INFO">Clicking element 'xpath=//a[3]/span'.</msg>
<status status="PASS" starttime="20221202 23:58:52.622" endtime="20221202 23:58:54.231"/>
</kw>
<status status="PASS" starttime="20221202 23:58:52.621" endtime="20221202 23:58:54.236"/>
</test>
<test id="s1-t26" name="Click Yes to Confirm" line="111">
<kw name="Click Element" library="SeleniumLibrary">
<arg>xpath=//input[2]</arg>
<doc>Click the element identified by ``locator``.</doc>
<msg timestamp="20221202 23:58:54.240" level="INFO">Clicking element 'xpath=//input[2]'.</msg>
<status status="PASS" starttime="20221202 23:58:54.239" endtime="20221202 23:58:55.643"/>
</kw>
<status status="PASS" starttime="20221202 23:58:54.238" endtime="20221202 23:58:55.658"/>
</test>
<test id="s1-t27" name="Back" line="114">
<kw name="Click Element" library="SeleniumLibrary">
<arg>xpath://span[contains(.,'arrow_back')]</arg>
<doc>Click the element identified by ``locator``.</doc>
<msg timestamp="20221202 23:58:55.675" level="INFO">Clicking element 'xpath://span[contains(.,'arrow_back')]'.</msg>
<status status="PASS" starttime="20221202 23:58:55.674" endtime="20221202 23:58:57.125"/>
</kw>
<status status="PASS" starttime="20221202 23:58:55.661" endtime="20221202 23:58:57.126"/>
</test>
<test id="s1-t28" name="Visit Log Book" line="124">
<kw name="Click Element" library="SeleniumLibrary">
<arg>xpath://div[2]/div/div/div/div[2]/div/p</arg>
<doc>Click the element identified by ``locator``.</doc>
<msg timestamp="20221202 23:58:57.157" level="INFO">Clicking element 'xpath://div[2]/div/div/div/div[2]/div/p'.</msg>
<status status="PASS" starttime="20221202 23:58:57.155" endtime="20221202 23:58:58.241"/>
</kw>
<status status="PASS" starttime="20221202 23:58:57.151" endtime="20221202 23:58:58.256"/>
</test>
<test id="s1-t29" name="click add visit log book" line="127">
<kw name="Click Element" library="SeleniumLibrary">
<arg>xpath=//a[2]/span</arg>
<doc>Click the element identified by ``locator``.</doc>
<msg timestamp="20221202 23:58:58.261" level="INFO">Clicking element 'xpath=//a[2]/span'.</msg>
<status status="PASS" starttime="20221202 23:58:58.260" endtime="20221202 23:58:59.688"/>
</kw>
<status status="PASS" starttime="20221202 23:58:58.259" endtime="20221202 23:58:59.689"/>
</test>
<test id="s1-t30" name="click the text box" line="130">
<kw name="Click Element" library="SeleniumLibrary">
<arg>id=id_name</arg>
<doc>Click the element identified by ``locator``.</doc>
<msg timestamp="20221202 23:58:59.693" level="INFO">Clicking element 'id=id_name'.</msg>
<status status="PASS" starttime="20221202 23:58:59.692" endtime="20221202 23:58:59.936"/>
</kw>
<status status="PASS" starttime="20221202 23:58:59.691" endtime="20221202 23:58:59.938"/>
</test>
<test id="s1-t31" name="type the name of the log book" line="133">
<kw name="Input Text" library="SeleniumLibrary">
<arg>xpath=//div[2]/input</arg>
<arg>name</arg>
<doc>Types the given ``text`` into the text field identified by ``locator``.</doc>
<msg timestamp="20221202 23:58:59.943" level="INFO">Typing text 'name' into text field 'xpath=//div[2]/input'.</msg>
<status status="PASS" starttime="20221202 23:58:59.942" endtime="20221202 23:59:00.210"/>
</kw>
<status status="PASS" starttime="20221202 23:58:59.941" endtime="20221202 23:59:00.211"/>
</test>
<test id="s1-t32" name="click submit" line="136">
<kw name="Click Element" library="SeleniumLibrary">
<arg>xpath=//div/button</arg>
<doc>Click the element identified by ``locator``.</doc>
<msg timestamp="20221202 23:59:00.225" level="INFO">Clicking element 'xpath=//div/button'.</msg>
<status status="PASS" starttime="20221202 23:59:00.224" endtime="20221202 23:59:02.383"/>
</kw>
<status status="PASS" starttime="20221202 23:59:00.222" endtime="20221202 23:59:02.407"/>
</test>
<test id="s1-t33" name="click edit log book" line="139">
<kw name="Click Element" library="SeleniumLibrary">
<arg>xpath=//div[2]/div/a[3]/span</arg>
<doc>Click the element identified by ``locator``.</doc>
<msg timestamp="20221202 23:59:02.422" level="INFO">Clicking element 'xpath=//div[2]/div/a[3]/span'.</msg>
<status status="PASS" starttime="20221202 23:59:02.421" endtime="20221202 23:59:04.326"/>
</kw>
<status status="PASS" starttime="20221202 23:59:02.410" endtime="20221202 23:59:04.339"/>
</test>
<test id="s1-t34" name="submit the new name" line="142">
<kw name="Click Element" library="SeleniumLibrary">
<arg>xpath=//div/button</arg>
<doc>Click the element identified by ``locator``.</doc>
<msg timestamp="20221202 23:59:04.359" level="INFO">Clicking element 'xpath=//div/button'.</msg>
<status status="PASS" starttime="20221202 23:59:04.357" endtime="20221202 23:59:06.057"/>
</kw>
<status status="PASS" starttime="20221202 23:59:04.342" endtime="20221202 23:59:06.058"/>
</test>
<test id="s1-t35" name="delete the log book" line="145">
<kw name="Click Element" library="SeleniumLibrary">
<arg>xpath=//a[4]/span</arg>
<doc>Click the element identified by ``locator``.</doc>
<msg timestamp="20221202 23:59:06.088" level="INFO">Clicking element 'xpath=//a[4]/span'.</msg>
<status status="PASS" starttime="20221202 23:59:06.086" endtime="20221202 23:59:07.569"/>
</kw>
<status status="PASS" starttime="20221202 23:59:06.071" endtime="20221202 23:59:07.571"/>
</test>
<test id="s1-t36" name="yes delete the log book" line="148">
<kw name="Click Element" library="SeleniumLibrary">
<arg>xpath=//input[2]</arg>
<doc>Click the element identified by ``locator``.</doc>
<msg timestamp="20221202 23:59:07.580" level="INFO">Clicking element 'xpath=//input[2]'.</msg>
<status status="PASS" starttime="20221202 23:59:07.575" endtime="20221202 23:59:09.240"/>
</kw>
<status status="PASS" starttime="20221202 23:59:07.574" endtime="20221202 23:59:09.241"/>
</test>
<test id="s1-t37" name="Back" line="151">
<kw name="Click Element" library="SeleniumLibrary">
<arg>xpath://span[contains(.,'arrow_back')]</arg>
<doc>Click the element identified by ``locator``.</doc>
<msg timestamp="20221202 23:59:09.259" level="INFO">Clicking element 'xpath://span[contains(.,'arrow_back')]'.</msg>
<status status="PASS" starttime="20221202 23:59:09.258" endtime="20221202 23:59:10.541"/>
</kw>
<status status="PASS" starttime="20221202 23:59:09.256" endtime="20221202 23:59:10.558"/>
</test>
<test id="s1-t38" name="Pregnancy Form" line="161">
<kw name="Click Element" library="SeleniumLibrary">
<arg>xpath://h5[contains(.,'Masterlist for Pregnancy and Newborn Baby')]</arg>
<doc>Click the element identified by ``locator``.</doc>
<msg timestamp="20221202 23:59:10.579" level="INFO">Clicking element 'xpath://h5[contains(.,'Masterlist for Pregnancy and Newborn Baby')]'.</msg>
<status status="PASS" starttime="20221202 23:59:10.575" endtime="20221202 23:59:12.202"/>
</kw>
<status status="PASS" starttime="20221202 23:59:10.574" endtime="20221202 23:59:12.203"/>
</test>
<test id="s1-t39" name="click the add new form" line="164">
<kw name="Click Element" library="SeleniumLibrary">
<arg>xpath=//a[2]/span</arg>
<doc>Click the element identified by ``locator``.</doc>
<msg timestamp="20221202 23:59:12.215" level="INFO">Clicking element 'xpath=//a[2]/span'.</msg>
<status status="PASS" starttime="20221202 23:59:12.209" endtime="20221202 23:59:13.601"/>
</kw>
<status status="PASS" starttime="20221202 23:59:12.207" endtime="20221202 23:59:13.603"/>
</test>
<test id="s1-t40" name="type the first name" line="167">
<kw name="Input Text" library="SeleniumLibrary">
<arg>id=id_first_name</arg>
<arg>test</arg>
<doc>Types the given ``text`` into the text field identified by ``locator``.</doc>
<msg timestamp="20221202 23:59:13.611" level="INFO">Typing text 'test' into text field 'id=id_first_name'.</msg>
<status status="PASS" starttime="20221202 23:59:13.609" endtime="20221202 23:59:14.122"/>
</kw>
<status status="PASS" starttime="20221202 23:59:13.608" endtime="20221202 23:59:14.125"/>
</test>
<test id="s1-t41" name="type the second name" line="170">
<kw name="Input Text" library="SeleniumLibrary">
<arg>id=id_last_name</arg>
<arg>test</arg>
<doc>Types the given ``text`` into the text field identified by ``locator``.</doc>
<msg timestamp="20221202 23:59:14.138" level="INFO">Typing text 'test' into text field 'id=id_last_name'.</msg>
<status status="PASS" starttime="20221202 23:59:14.137" endtime="20221202 23:59:14.752"/>
</kw>
<status status="PASS" starttime="20221202 23:59:14.135" endtime="20221202 23:59:14.754"/>
</test>
<test id="s1-t42" name="click submit" line="173">
<kw name="Click Element" library="SeleniumLibrary">
<arg>xpath=//form/button</arg>
<doc>Click the element identified by ``locator``.</doc>
<msg timestamp="20221202 23:59:14.778" level="INFO">Clicking element 'xpath=//form/button'.</msg>
<status status="PASS" starttime="20221202 23:59:14.774" endtime="20221202 23:59:16.805"/>
</kw>
<status status="PASS" starttime="20221202 23:59:14.774" endtime="20221202 23:59:16.806"/>
</test>
<test id="s1-t43" name="view individual form" line="176">
<kw name="Click Element" library="SeleniumLibrary">
<arg>xpath=//td[5]/a/span</arg>
<doc>Click the element identified by ``locator``.</doc>
<msg timestamp="20221202 23:59:16.820" level="INFO">Clicking element 'xpath=//td[5]/a/span'.</msg>
<status status="PASS" starttime="20221202 23:59:16.819" endtime="20221202 23:59:18.574"/>
</kw>
<status status="PASS" starttime="20221202 23:59:16.817" endtime="20221202 23:59:18.587"/>
</test>
<test id="s1-t44" name="click edit form" line="179">
<kw name="Click Element" library="SeleniumLibrary">
<arg>xpath=//a[2]/span</arg>
<doc>Click the element identified by ``locator``.</doc>
<msg timestamp="20221202 23:59:18.595" level="INFO">Clicking element 'xpath=//a[2]/span'.</msg>
<status status="PASS" starttime="20221202 23:59:18.591" endtime="20221202 23:59:21.554"/>
</kw>
<status status="PASS" starttime="20221202 23:59:18.590" endtime="20221202 23:59:21.707"/>
</test>
<test id="s1-t45" name="click submit" line="182">
<kw name="Click Element" library="SeleniumLibrary">
<arg>xpath=//div/button</arg>
<doc>Click the element identified by ``locator``.</doc>
<msg timestamp="20221202 23:59:21.773" level="INFO">Clicking element 'xpath=//div/button'.</msg>
<status status="PASS" starttime="20221202 23:59:21.770" endtime="20221202 23:59:24.969"/>
</kw>
<status status="PASS" starttime="20221202 23:59:21.739" endtime="20221202 23:59:24.970"/>
</test>
<test id="s1-t46" name="click the delete form" line="185">
<kw name="Click Element" library="SeleniumLibrary">
<arg>xpath=//a[3]/span</arg>
<doc>Click the element identified by ``locator``.</doc>
<msg timestamp="20221202 23:59:24.982" level="INFO">Clicking element 'xpath=//a[3]/span'.</msg>
<status status="PASS" starttime="20221202 23:59:24.979" endtime="20221202 23:59:26.482"/>
</kw>
<status status="PASS" starttime="20221202 23:59:24.972" endtime="20221202 23:59:26.484"/>
</test>
<test id="s1-t47" name="click yes to confirm" line="188">
<kw name="Click Element" library="SeleniumLibrary">
<arg>xpath=//input[2]</arg>
<doc>Click the element identified by ``locator``.</doc>
<msg timestamp="20221202 23:59:26.494" level="INFO">Clicking element 'xpath=//input[2]'.</msg>
<status status="PASS" starttime="20221202 23:59:26.490" endtime="20221202 23:59:28.353"/>
</kw>
<status status="PASS" starttime="20221202 23:59:26.488" endtime="20221202 23:59:28.355"/>
</test>
<test id="s1-t48" name="Back" line="191">
<kw name="Click Element" library="SeleniumLibrary">
<arg>xpath://span[contains(.,'arrow_back')]</arg>
<doc>Click the element identified by ``locator``.</doc>
<msg timestamp="20221202 23:59:28.371" level="INFO">Clicking element 'xpath://span[contains(.,'arrow_back')]'.</msg>
<status status="PASS" starttime="20221202 23:59:28.370" endtime="20221202 23:59:29.836"/>
</kw>
<status status="PASS" starttime="20221202 23:59:28.369" endtime="20221202 23:59:29.866"/>
</test>
<test id="s1-t49" name="Itr Checkup Masterlist" line="201">
<kw name="Click Element" library="SeleniumLibrary">
<arg>xpath://div[3]/div[2]/div/div/div[2]/div</arg>
<doc>Click the element identified by ``locator``.</doc>
<msg timestamp="20221202 23:59:29.879" level="INFO">Clicking element 'xpath://div[3]/div[2]/div/div/div[2]/div'.</msg>
<status status="PASS" starttime="20221202 23:59:29.872" endtime="20221202 23:59:31.568"/>
</kw>
<status status="PASS" starttime="20221202 23:59:29.871" endtime="20221202 23:59:31.569"/>
</test>
<test id="s1-t50" name="click the plus" line="204">
<kw name="Click Element" library="SeleniumLibrary">
<arg>xpath=//a[2]/span</arg>
<doc>Click the element identified by ``locator``.</doc>
<msg timestamp="20221202 23:59:31.583" level="INFO">Clicking element 'xpath=//a[2]/span'.</msg>
<status status="PASS" starttime="20221202 23:59:31.582" endtime="20221202 23:59:34.231"/>
</kw>
<status status="PASS" starttime="20221202 23:59:31.580" endtime="20221202 23:59:34.237"/>
</test>
<test id="s1-t51" name="type first name" line="207">
<kw name="Input Text" library="SeleniumLibrary">
<arg>xpath=//div[2]/div[2]/input</arg>
<arg>test</arg>
<doc>Types the given ``text`` into the text field identified by ``locator``.</doc>
<msg timestamp="20221202 23:59:34.418" level="INFO">Typing text 'test' into text field 'xpath=//div[2]/div[2]/input'.</msg>
<status status="PASS" starttime="20221202 23:59:34.402" endtime="20221202 23:59:36.051"/>
</kw>
<status status="PASS" starttime="20221202 23:59:34.386" endtime="20221202 23:59:36.053"/>
</test>
<test id="s1-t52" name="type the second name" line="210">
<kw name="Input Text" library="SeleniumLibrary">
<arg>xpath=//div[3]/div[2]/input</arg>
<arg>test</arg>
<doc>Types the given ``text`` into the text field identified by ``locator``.</doc>
<msg timestamp="20221202 23:59:36.077" level="INFO">Typing text 'test' into text field 'xpath=//div[3]/div[2]/input'.</msg>
<status status="PASS" starttime="20221202 23:59:36.070" endtime="20221202 23:59:36.988"/>
</kw>
<status status="PASS" starttime="20221202 23:59:36.067" endtime="20221202 23:59:36.996"/>
</test>
<test id="s1-t53" name="submit" line="213">
<kw name="Click Element" library="SeleniumLibrary">
<arg>xpath=//div/button</arg>
<doc>Click the element identified by ``locator``.</doc>
<msg timestamp="20221202 23:59:37.003" level="INFO">Clicking element 'xpath=//div/button'.</msg>
<status status="PASS" starttime="20221202 23:59:37.002" endtime="20221202 23:59:38.919"/>
</kw>
<status status="PASS" starttime="20221202 23:59:37.000" endtime="20221202 23:59:38.934"/>
</test>
<test id="s1-t54" name="view individual form" line="216">
<kw name="Click Element" library="SeleniumLibrary">
<arg>xpath=//td[3]/a/span</arg>
<doc>Click the element identified by ``locator``.</doc>
<msg timestamp="20221202 23:59:38.951" level="INFO">Clicking element 'xpath=//td[3]/a/span'.</msg>
<status status="PASS" starttime="20221202 23:59:38.950" endtime="20221202 23:59:40.446"/>
</kw>
<status status="PASS" starttime="20221202 23:59:38.949" endtime="20221202 23:59:40.449"/>
</test>
<test id="s1-t55" name="click update" line="219">
<kw name="Click Element" library="SeleniumLibrary">
<arg>xpath=//a[2]/span</arg>
<doc>Click the element identified by ``locator``.</doc>
<msg timestamp="20221202 23:59:40.460" level="INFO">Clicking element 'xpath=//a[2]/span'.</msg>
<status status="PASS" starttime="20221202 23:59:40.458" endtime="20221202 23:59:42.232"/>
</kw>
<status status="PASS" starttime="20221202 23:59:40.453" endtime="20221202 23:59:42.234"/>
</test>
<test id="s1-t56" name="click submit to confirm" line="222">
<kw name="Click Element" library="SeleniumLibrary">
<arg>xpath=//div/button</arg>
<doc>Click the element identified by ``locator``.</doc>
<msg timestamp="20221202 23:59:42.246" level="INFO">Clicking element 'xpath=//div/button'.</msg>
<status status="PASS" starttime="20221202 23:59:42.245" endtime="20221202 23:59:43.725"/>
</kw>
<status status="PASS" starttime="20221202 23:59:42.240" endtime="20221202 23:59:43.732"/>
</test>
<test id="s1-t57" name="click view individual" line="225">
<kw name="Click Element" library="SeleniumLibrary">
<arg>xpath=//td[3]/a/span</arg>
<doc>Click the element identified by ``locator``.</doc>
<msg timestamp="20221202 23:59:43.742" level="INFO">Clicking element 'xpath=//td[3]/a/span'.</msg>
<status status="PASS" starttime="20221202 23:59:43.736" endtime="20221202 23:59:48.301"/>
</kw>
<status status="PASS" starttime="20221202 23:59:43.735" endtime="20221202 23:59:48.385"/>
</test>
<test id="s1-t58" name="click delete" line="228">
<kw name="Click Element" library="SeleniumLibrary">
<arg>xpath=//a[3]/span</arg>
<doc>Click the element identified by ``locator``.</doc>
<msg timestamp="20221202 23:59:48.567" level="INFO">Clicking element 'xpath=//a[3]/span'.</msg>
<status status="PASS" starttime="20221202 23:59:48.551" endtime="20221202 23:59:50.399"/>
</kw>
<status status="PASS" starttime="20221202 23:59:48.548" endtime="20221202 23:59:50.401"/>
</test>
<test id="s1-t59" name="click yes to confirm" line="231">
<kw name="Click Element" library="SeleniumLibrary">
<arg>xpath=//input[2]</arg>
<doc>Click the element identified by ``locator``.</doc>
<msg timestamp="20221202 23:59:50.416" level="INFO">Clicking element 'xpath=//input[2]'.</msg>
<status status="PASS" starttime="20221202 23:59:50.414" endtime="20221202 23:59:54.761"/>
</kw>
<status status="PASS" starttime="20221202 23:59:50.413" endtime="20221202 23:59:54.780"/>
</test>
<test id="s1-t60" name="Back" line="234">
<kw name="Click Element" library="SeleniumLibrary">
<arg>xpath://span[contains(.,'arrow_back')]</arg>
<doc>Click the element identified by ``locator``.</doc>
<msg timestamp="20221202 23:59:54.827" level="INFO">Clicking element 'xpath://span[contains(.,'arrow_back')]'.</msg>
<status status="PASS" starttime="20221202 23:59:54.816" endtime="20221202 23:59:56.067"/>
</kw>
<status status="PASS" starttime="20221202 23:59:54.813" endtime="20221202 23:59:56.079"/>
</test>
<test id="s1-t61" name="Itr for Widowed" line="245">
<kw name="Click Element" library="SeleniumLibrary">
<arg>xpath://div[4]/div/div/div/div[2]/div/p/small</arg>
<doc>Click the element identified by ``locator``.</doc>
<msg timestamp="20221202 23:59:56.091" level="INFO">Clicking element 'xpath://div[4]/div/div/div/div[2]/div/p/small'.</msg>
<status status="PASS" starttime="20221202 23:59:56.089" endtime="20221202 23:59:57.748"/>
</kw>
<status status="PASS" starttime="20221202 23:59:56.083" endtime="20221202 23:59:57.749"/>
</test>
<test id="s1-t62" name="click the plus sign" line="247">
<kw name="Click Element" library="SeleniumLibrary">
<arg>xpath=//a[2]/span</arg>
<doc>Click the element identified by ``locator``.</doc>
<msg timestamp="20221202 23:59:57.760" level="INFO">Clicking element 'xpath=//a[2]/span'.</msg>
<status status="PASS" starttime="20221202 23:59:57.759" endtime="20221203 00:00:02.249"/>
</kw>
<status status="PASS" starttime="20221202 23:59:57.751" endtime="20221203 00:00:02.262"/>
</test>
<test id="s1-t63" name="Type the first name" line="250">
<kw name="Input Text" library="SeleniumLibrary">
<arg>id=id_first_name</arg>
<arg>test</arg>
<doc>Types the given ``text`` into the text field identified by ``locator``.</doc>
<msg timestamp="20221203 00:00:02.283" level="INFO">Typing text 'test' into text field 'id=id_first_name'.</msg>
<status status="PASS" starttime="20221203 00:00:02.281" endtime="20221203 00:00:03.060"/>
</kw>
<status status="PASS" starttime="20221203 00:00:02.278" endtime="20221203 00:00:03.062"/>
</test>
<test id="s1-t64" name="Type the second name" line="253">
<kw name="Input Text" library="SeleniumLibrary">
<arg>id=id_last_name</arg>
<arg>test</arg>
<doc>Types the given ``text`` into the text field identified by ``locator``.</doc>
<msg timestamp="20221203 00:00:03.072" level="INFO">Typing text 'test' into text field 'id=id_last_name'.</msg>
<status status="PASS" starttime="20221203 00:00:03.069" endtime="20221203 00:00:03.397"/>
</kw>
<status status="PASS" starttime="20221203 00:00:03.066" endtime="20221203 00:00:03.398"/>
</test>
<test id="s1-t65" name="click submit" line="256">
<kw name="Click Element" library="SeleniumLibrary">
<arg>xpath=//div/button</arg>
<doc>Click the element identified by ``locator``.</doc>
<msg timestamp="20221203 00:00:03.410" level="INFO">Clicking element 'xpath=//div/button'.</msg>
<status status="PASS" starttime="20221203 00:00:03.409" endtime="20221203 00:00:08.512"/>
</kw>
<status status="PASS" starttime="20221203 00:00:03.401" endtime="20221203 00:00:08.525"/>
</test>
<test id="s1-t66" name="view specific form" line="259">
<kw name="Click Element" library="SeleniumLibrary">
<arg>xpath=//td[6]/a/span</arg>
<doc>Click the element identified by ``locator``.</doc>
<msg timestamp="20221203 00:00:08.545" level="INFO">Clicking element 'xpath=//td[6]/a/span'.</msg>
<status status="PASS" starttime="20221203 00:00:08.544" endtime="20221203 00:00:10.104"/>
</kw>
<status status="PASS" starttime="20221203 00:00:08.533" endtime="20221203 00:00:10.133"/>
</test>
<test id="s1-t67" name="click the edit" line="262">
<kw name="Click Element" library="SeleniumLibrary">
<arg>xpath=//a[2]/span</arg>
<doc>Click the element identified by ``locator``.</doc>
<msg timestamp="20221203 00:00:10.144" level="INFO">Clicking element 'xpath=//a[2]/span'.</msg>
<status status="PASS" starttime="20221203 00:00:10.143" endtime="20221203 00:00:11.542"/>
</kw>
<status status="PASS" starttime="20221203 00:00:10.141" endtime="20221203 00:00:11.543"/>
</test>
<test id="s1-t68" name="click submit" line="265">
<kw name="Click Element" library="SeleniumLibrary">
<arg>xpath=//div/button</arg>
<doc>Click the element identified by ``locator``.</doc>
<msg timestamp="20221203 00:00:11.552" level="INFO">Clicking element 'xpath=//div/button'.</msg>
<status status="PASS" starttime="20221203 00:00:11.548" endtime="20221203 00:00:14.059"/>
</kw>
<status status="PASS" starttime="20221203 00:00:11.547" endtime="20221203 00:00:14.060"/>
</test>
<test id="s1-t69" name="click delete" line="268">
<kw name="Click Element" library="SeleniumLibrary">
<arg>xpath=//a[3]/span</arg>
<doc>Click the element identified by ``locator``.</doc>
<msg timestamp="20221203 00:00:14.071" level="INFO">Clicking element 'xpath=//a[3]/span'.</msg>
<status status="PASS" starttime="20221203 00:00:14.065" endtime="20221203 00:00:15.680"/>
</kw>
<status status="PASS" starttime="20221203 00:00:14.063" endtime="20221203 00:00:15.690"/>
</test>
<test id="s1-t70" name="click yes" line="271">
<kw name="Click Element" library="SeleniumLibrary">
<arg>xpath=//input[2]</arg>
<doc>Click the element identified by ``locator``.</doc>
<msg timestamp="20221203 00:00:15.697" level="INFO">Clicking element 'xpath=//input[2]'.</msg>
<status status="PASS" starttime="20221203 00:00:15.696" endtime="20221203 00:00:17.412"/>
</kw>
<status status="PASS" starttime="20221203 00:00:15.694" endtime="20221203 00:00:17.414"/>
</test>
<test id="s1-t71" name="Back" line="274">
<kw name="Click Element" library="SeleniumLibrary">
<arg>xpath://span[contains(.,'arrow_back')]</arg>
<doc>Click the element identified by ``locator``.</doc>
<msg timestamp="20221203 00:00:17.443" level="INFO">Clicking element 'xpath://span[contains(.,'arrow_back')]'.</msg>
<status status="PASS" starttime="20221203 00:00:17.442" endtime="20221203 00:00:19.379"/>
</kw>
<status status="PASS" starttime="20221203 00:00:17.431" endtime="20221203 00:00:19.380"/>
</test>
<test id="s1-t72" name="Appointments" line="281">
<kw name="Click Element" library="SeleniumLibrary">
<arg>xpath://li[4]/a</arg>
<doc>Click the element identified by ``locator``.</doc>
<msg timestamp="20221203 00:00:19.395" level="INFO">Clicking element 'xpath://li[4]/a'.</msg>
<status status="PASS" starttime="20221203 00:00:19.394" endtime="20221203 00:00:20.929"/>
</kw>
<status status="PASS" starttime="20221203 00:00:19.393" endtime="20221203 00:00:20.929"/>
</test>
<test id="s1-t73" name="Click all appointment" line="284">
<kw name="Click Element" library="SeleniumLibrary">
<arg>xpath=//li/button</arg>
<doc>Click the element identified by ``locator``.</doc>
<msg timestamp="20221203 00:00:20.942" level="INFO">Clicking element 'xpath=//li/button'.</msg>
<status status="PASS" starttime="20221203 00:00:20.940" endtime="20221203 00:00:22.427"/>
</kw>
<status status="PASS" starttime="20221203 00:00:20.939" endtime="20221203 00:00:22.441"/>
</test>
<test id="s1-t74" name="click pending appointment" line="287">
<kw name="Click Element" library="SeleniumLibrary">
<arg>xpath=//li[2]/button</arg>
<doc>Click the element identified by ``locator``.</doc>
<msg timestamp="20221203 00:00:22.458" level="INFO">Clicking element 'xpath=//li[2]/button'.</msg>
<status status="PASS" starttime="20221203 00:00:22.457" endtime="20221203 00:00:26.897"/>
</kw>
<status status="PASS" starttime="20221203 00:00:22.455" endtime="20221203 00:00:26.944"/>
</test>
<test id="s1-t75" name="click ongoing appointment" line="290">
<kw name="Click Element" library="SeleniumLibrary">
<arg>xpath=//li[3]/button</arg>
<doc>Click the element identified by ``locator``.</doc>
<msg timestamp="20221203 00:00:26.991" level="INFO">Clicking element 'xpath=//li[3]/button'.</msg>
<status status="PASS" starttime="20221203 00:00:26.989" endtime="20221203 00:00:28.322"/>
</kw>
<status status="PASS" starttime="20221203 00:00:26.977" endtime="20221203 00:00:28.324"/>
</test>
<test id="s1-t76" name="click done appointment" line="293">
<kw name="Click Element" library="SeleniumLibrary">
<arg>xpath=//li[4]/button</arg>
<doc>Click the element identified by ``locator``.</doc>
<msg timestamp="20221203 00:00:28.330" level="INFO">Clicking element 'xpath=//li[4]/button'.</msg>
<status status="PASS" starttime="20221203 00:00:28.328" endtime="20221203 00:00:29.784"/>
</kw>
<status status="PASS" starttime="20221203 00:00:28.327" endtime="20221203 00:00:29.791"/>
</test>
<test id="s1-t77" name="click rejected appointment" line="296">
<kw name="Click Element" library="SeleniumLibrary">
<arg>xpath=//li[5]/button</arg>
<doc>Click the element identified by ``locator``.</doc>
<msg timestamp="20221203 00:00:29.805" level="INFO">Clicking element 'xpath=//li[5]/button'.</msg>
<status status="PASS" starttime="20221203 00:00:29.795" endtime="20221203 00:00:31.334"/>
</kw>
<status status="PASS" starttime="20221203 00:00:29.794" endtime="20221203 00:00:31.340"/>
</test>
<test id="s1-t78" name="Medicine" line="304">
<kw name="Click Element" library="SeleniumLibrary">
<arg>xpath://li[5]/a</arg>
<doc>Click the element identified by ``locator``.</doc>
<msg timestamp="20221203 00:00:31.345" level="INFO">Clicking element 'xpath://li[5]/a'.</msg>
<status status="PASS" starttime="20221203 00:00:31.344" endtime="20221203 00:00:33.359"/>
</kw>
<status status="PASS" starttime="20221203 00:00:31.342" endtime="20221203 00:00:33.372"/>
</test>
<test id="s1-t79" name="click add medicine" line="306">
<kw name="Input Text" library="SeleniumLibrary">
<arg>xpath=//div[2]/div/div/a/span</arg>
<arg>dawdawd</arg>
<doc>Types the given ``text`` into the text field identified by ``locator``.</doc>
<msg timestamp="20221203 00:00:33.377" level="INFO">Typing text 'dawdawd' into text field 'xpath=//div[2]/div/div/a/span'.</msg>
<msg timestamp="20221203 00:00:33.950" level="INFO" html="true">&lt;/td&gt;&lt;/tr&gt;&lt;tr&gt;&lt;td colspan="3"&gt;&lt;a href="selenium-screenshot-9.png"&gt;&lt;img src="selenium-screenshot-9.png" width="800px"&gt;&lt;/a&gt;</msg>
<msg timestamp="20221203 00:00:33.951" level="FAIL">InvalidElementStateException: Message: invalid element state
  (Session info: chrome=107.0.5304.122)
Stacktrace:
Backtrace:
	Ordinal0 [0x0021ACD3+2075859]
	Ordinal0 [0x001AEE61+1633889]
	Ordinal0 [0x000AB680+571008]
	Ordinal0 [0x000D3542+734530]
	Ordinal0 [0x000F731C+881436]
	Ordinal0 [0x000D15BF+726463]
	Ordinal0 [0x000F7534+881972]
	Ordinal0 [0x0010B56A+963946]
	Ordinal0 [0x000F7136+880950]
	Ordinal0 [0x000CFEFD+720637]
	Ordinal0 [0x000D0F3F+724799]
	GetHandleVerifier [0x004CEED2+2769538]
	GetHandleVerifier [0x004C0D95+2711877]
	GetHandleVerifier [0x002AA03A+521194]
	GetHandleVerifier [0x002A8DA0+516432]
	Ordinal0 [0x001B682C+1665068]
	Ordinal0 [0x001BB128+1683752]
	Ordinal0 [0x001BB215+1683989]
	Ordinal0 [0x001C6484+1729668]
	BaseThreadInitThunk [0x754DFEF9+25]
	RtlGetAppContainerNamedObjectPath [0x77707BBE+286]
	RtlGetAppContainerNamedObjectPath [0x77707B8E+238]
	(No symbol) [0x00000000]
</msg>
<status status="FAIL" starttime="20221203 00:00:33.376" endtime="20221203 00:00:34.553"/>
</kw>
<status status="FAIL" starttime="20221203 00:00:33.374" endtime="20221203 00:00:34.554">InvalidElementStateException: Message: invalid element state
  (Session info: chrome=107.0.5304.122)
Stacktrace:
Backtrace:
	Ordinal0 [0x0021ACD3+2075859]
	Ordinal0 [0x001AEE61+1633889]
	Ordinal0 [0x000AB680+571008]
	Ordinal0 [0x000D3542+734530]
	Ordinal0 [0x000F731C+881436]
	Ordinal0 [0x000D15BF+726463]
	Ordinal0 [0x000F7534+881972]
	Ordinal0 [0x0010B56A+963946]
	Ordinal0 [0x000F7136+880950]
	Ordinal0 [0x000CFEFD+720637]
	Ordinal0 [0x000D0F3F+724799]
	GetHandleVerifier [0x004CEED2+2769538]
	GetHandleVerifier [0x004C0D95+2711877]
	GetHandleVerifier [0x002AA03A+521194]
	GetHandleVerifier [0x002A8DA0+516432]
	Ordinal0 [0x001B682C+1665068]
	Ordinal0 [0x001BB128+1683752]
	Ordinal0 [0x001BB215+1683989]
	Ordinal0 [0x001C6484+1729668]
	BaseThreadInitThunk [0x754DFEF9+25]
	RtlGetAppContainerNamedObjectPath [0x77707BBE+286]
	RtlGetAppContainerNamedObjectPath [0x77707B8E+238]
	(No symbol) [0x00000000]
</status>
</test>
<test id="s1-t80" name="type the name" line="308">
<kw name="Input Text" library="SeleniumLibrary">
<arg>id=id_name</arg>
<arg>dawd</arg>
<doc>Types the given ``text`` into the text field identified by ``locator``.</doc>
<msg timestamp="20221203 00:00:34.575" level="INFO">Typing text 'dawd' into text field 'id=id_name'.</msg>
<msg timestamp="20221203 00:00:34.879" level="INFO" html="true">&lt;/td&gt;&lt;/tr&gt;&lt;tr&gt;&lt;td colspan="3"&gt;&lt;a href="selenium-screenshot-10.png"&gt;&lt;img src="selenium-screenshot-10.png" width="800px"&gt;&lt;/a&gt;</msg>
<msg timestamp="20221203 00:00:34.880" level="FAIL">Element with locator 'id=id_name' not found.</msg>
<status status="FAIL" starttime="20221203 00:00:34.573" endtime="20221203 00:00:35.135"/>
</kw>
<status status="FAIL" starttime="20221203 00:00:34.572" endtime="20221203 00:00:35.137">Element with locator 'id=id_name' not found.</status>
</test>
<test id="s1-t81" name="type the type" line="311">
<kw name="Input Text" library="SeleniumLibrary">
<arg>id=id_type</arg>
<arg>dsadas</arg>
<doc>Types the given ``text`` into the text field identified by ``locator``.</doc>
<msg timestamp="20221203 00:00:35.143" level="INFO">Typing text 'dsadas' into text field 'id=id_type'.</msg>
<msg timestamp="20221203 00:00:35.454" level="INFO" html="true">&lt;/td&gt;&lt;/tr&gt;&lt;tr&gt;&lt;td colspan="3"&gt;&lt;a href="selenium-screenshot-11.png"&gt;&lt;img src="selenium-screenshot-11.png" width="800px"&gt;&lt;/a&gt;</msg>
<msg timestamp="20221203 00:00:35.455" level="FAIL">Element with locator 'id=id_type' not found.</msg>
<status status="FAIL" starttime="20221203 00:00:35.142" endtime="20221203 00:00:35.456"/>
</kw>
<status status="FAIL" starttime="20221203 00:00:35.140" endtime="20221203 00:00:35.461">Element with locator 'id=id_type' not found.</status>
</test>
<test id="s1-t82" name="type the description" line="314">
<kw name="Input Text" library="SeleniumLibrary">
<arg>id=id_description</arg>
<arg>dwa</arg>
<doc>Types the given ``text`` into the text field identified by ``locator``.</doc>
<msg timestamp="20221203 00:00:35.491" level="INFO">Typing text 'dwa' into text field 'id=id_description'.</msg>
<msg timestamp="20221203 00:00:35.775" level="INFO" html="true">&lt;/td&gt;&lt;/tr&gt;&lt;tr&gt;&lt;td colspan="3"&gt;&lt;a href="selenium-screenshot-12.png"&gt;&lt;img src="selenium-screenshot-12.png" width="800px"&gt;&lt;/a&gt;</msg>
<msg timestamp="20221203 00:00:35.775" level="FAIL">Element with locator 'id=id_description' not found.</msg>
<status status="FAIL" starttime="20221203 00:00:35.472" endtime="20221203 00:00:35.777"/>
</kw>
<status status="FAIL" starttime="20221203 00:00:35.471" endtime="20221203 00:00:35.787">Element with locator 'id=id_description' not found.</status>
</test>
<test id="s1-t83" name="type the expiry date" line="317">
<kw name="Input Text" library="SeleniumLibrary">
<arg>id=id_expiration_date</arg>
<arg>2022-11-18</arg>
<doc>Types the given ``text`` into the text field identified by ``locator``.</doc>
<msg timestamp="20221203 00:00:35.793" level="INFO">Typing text '2022-11-18' into text field 'id=id_expiration_date'.</msg>
<msg timestamp="20221203 00:00:36.118" level="INFO" html="true">&lt;/td&gt;&lt;/tr&gt;&lt;tr&gt;&lt;td colspan="3"&gt;&lt;a href="selenium-screenshot-13.png"&gt;&lt;img src="selenium-screenshot-13.png" width="800px"&gt;&lt;/a&gt;</msg>
<msg timestamp="20221203 00:00:36.119" level="FAIL">Element with locator 'id=id_expiration_date' not found.</msg>
<status status="FAIL" starttime="20221203 00:00:35.792" endtime="20221203 00:00:36.121"/>
</kw>
<status status="FAIL" starttime="20221203 00:00:35.790" endtime="20221203 00:00:36.124">Element with locator 'id=id_expiration_date' not found.</status>
</test>
<test id="s1-t84" name="type stock" line="320">
<kw name="Input Text" library="SeleniumLibrary">
<arg>id=id_stock</arg>
<arg>12</arg>
<doc>Types the given ``text`` into the text field identified by ``locator``.</doc>
<msg timestamp="20221203 00:00:36.132" level="INFO">Typing text '12' into text field 'id=id_stock'.</msg>
<msg timestamp="20221203 00:00:36.441" level="INFO" html="true">&lt;/td&gt;&lt;/tr&gt;&lt;tr&gt;&lt;td colspan="3"&gt;&lt;a href="selenium-screenshot-14.png"&gt;&lt;img src="selenium-screenshot-14.png" width="800px"&gt;&lt;/a&gt;</msg>
<msg timestamp="20221203 00:00:36.441" level="FAIL">Element with locator 'id=id_stock' not found.</msg>
<status status="FAIL" starttime="20221203 00:00:36.128" endtime="20221203 00:00:36.442"/>
</kw>
<status status="FAIL" starttime="20221203 00:00:36.127" endtime="20221203 00:00:36.452">Element with locator 'id=id_stock' not found.</status>
</test>
<test id="s1-t85" name="submit to add" line="323">
<kw name="Click Element" library="SeleniumLibrary">
<arg>xpath=//div/button</arg>
<doc>Click the element identified by ``locator``.</doc>
<msg timestamp="20221203 00:00:36.461" level="INFO">Clicking element 'xpath=//div/button'.</msg>
<msg timestamp="20221203 00:00:36.774" level="INFO" html="true">&lt;/td&gt;&lt;/tr&gt;&lt;tr&gt;&lt;td colspan="3"&gt;&lt;a href="selenium-screenshot-15.png"&gt;&lt;img src="selenium-screenshot-15.png" width="800px"&gt;&lt;/a&gt;</msg>
<msg timestamp="20221203 00:00:36.775" level="FAIL">Element with locator 'xpath=//div/button' not found.</msg>
<status status="FAIL" starttime="20221203 00:00:36.460" endtime="20221203 00:00:36.859"/>
</kw>
<status status="FAIL" starttime="20221203 00:00:36.456" endtime="20221203 00:00:36.860">Element with locator 'xpath=//div/button' not found.</status>
</test>
<test id="s1-t86" name="click edit" line="326">
<kw name="Click Element" library="SeleniumLibrary">
<arg>xpath=//a[2]/span</arg>
<doc>Click the element identified by ``locator``.</doc>
<msg timestamp="20221203 00:00:36.873" level="INFO">Clicking element 'xpath=//a[2]/span'.</msg>
<status status="PASS" starttime="20221203 00:00:36.872" endtime="20221203 00:00:38.239"/>
</kw>
<status status="PASS" starttime="20221203 00:00:36.871" endtime="20221203 00:00:38.244"/>
</test>
<test id="s1-t87" name="click cancel" line="329">
<kw name="Click Element" library="SeleniumLibrary">
<arg>xpath=//div[7]/div/a</arg>
<doc>Click the element identified by ``locator``.</doc>
<msg timestamp="20221203 00:00:38.259" level="INFO">Clicking element 'xpath=//div[7]/div/a'.</msg>
<status status="PASS" starttime="20221203 00:00:38.258" endtime="20221203 00:00:39.716"/>
</kw>
<status status="PASS" starttime="20221203 00:00:38.255" endtime="20221203 00:00:39.723"/>
</test>
<test id="s1-t88" name="click delete" line="332">
<kw name="Click Element" library="SeleniumLibrary">
<arg>xpath=//a[3]/span</arg>
<doc>Click the element identified by ``locator``.</doc>
<msg timestamp="20221203 00:00:40.052" level="INFO">Clicking element 'xpath=//a[3]/span'.</msg>
<status status="PASS" starttime="20221203 00:00:40.044" endtime="20221203 00:00:41.760"/>
</kw>
<status status="PASS" starttime="20221203 00:00:40.019" endtime="20221203 00:00:41.760"/>
</test>
<test id="s1-t89" name="click yes" line="335">
<kw name="Click Element" library="SeleniumLibrary">
<arg>xpath=//input[2]</arg>
<doc>Click the element identified by ``locator``.</doc>
<msg timestamp="20221203 00:00:41.783" level="INFO">Clicking element 'xpath=//input[2]'.</msg>
<status status="PASS" starttime="20221203 00:00:41.778" endtime="20221203 00:00:43.644"/>
</kw>
<status status="PASS" starttime="20221203 00:00:41.776" endtime="20221203 00:00:43.691"/>
</test>
<test id="s1-t90" name="Schedules" line="341">
<kw name="Click Element" library="SeleniumLibrary">
<arg>xpath://li[6]/a</arg>
<doc>Click the element identified by ``locator``.</doc>
<msg timestamp="20221203 00:00:43.722" level="INFO">Clicking element 'xpath://li[6]/a'.</msg>
<status status="PASS" starttime="20221203 00:00:43.721" endtime="20221203 00:00:45.293"/>
</kw>
<status status="PASS" starttime="20221203 00:00:43.719" endtime="20221203 00:00:45.304"/>
</test>
<test id="s1-t91" name="click plus sign" line="344">
<kw name="Click Element" library="SeleniumLibrary">
<arg>xpath=//div[2]/div/div/a/span</arg>
<doc>Click the element identified by ``locator``.</doc>
<msg timestamp="20221203 00:00:45.327" level="INFO">Clicking element 'xpath=//div[2]/div/div/a/span'.</msg>
<status status="PASS" starttime="20221203 00:00:45.326" endtime="20221203 00:00:46.892"/>
</kw>
<status status="PASS" starttime="20221203 00:00:45.324" endtime="20221203 00:00:46.893"/>
</test>
<test id="s1-t92" name="type the first name" line="347">
<kw name="Input Text" library="SeleniumLibrary">
<arg>id=id_first_name</arg>
<arg>dawd</arg>
<doc>Types the given ``text`` into the text field identified by ``locator``.</doc>
<msg timestamp="20221203 00:00:46.906" level="INFO">Typing text 'dawd' into text field 'id=id_first_name'.</msg>
<status status="PASS" starttime="20221203 00:00:46.904" endtime="20221203 00:00:47.258"/>
</kw>
<status status="PASS" starttime="20221203 00:00:46.903" endtime="20221203 00:00:47.270"/>
</test>
<test id="s1-t93" name="type the last name" line="350">
<kw name="Input Text" library="SeleniumLibrary">
<arg>id=id_last_name</arg>
<arg>daw</arg>
<doc>Types the given ``text`` into the text field identified by ``locator``.</doc>
<msg timestamp="20221203 00:00:47.275" level="INFO">Typing text 'daw' into text field 'id=id_last_name'.</msg>
<status status="PASS" starttime="20221203 00:00:47.274" endtime="20221203 00:00:47.609"/>
</kw>
<status status="PASS" starttime="20221203 00:00:47.272" endtime="20221203 00:00:47.625"/>
</test>
<test id="s1-t94" name="time work time from" line="353">
<kw name="Input Text" library="SeleniumLibrary">
<arg>id=id_work_time_from</arg>
<arg>03:13</arg>
<doc>Types the given ``text`` into the text field identified by ``locator``.</doc>
<msg timestamp="20221203 00:00:47.637" level="INFO">Typing text '03:13' into text field 'id=id_work_time_from'.</msg>
<status status="PASS" starttime="20221203 00:00:47.635" endtime="20221203 00:00:48.347"/>
</kw>
<status status="PASS" starttime="20221203 00:00:47.627" endtime="20221203 00:00:48.354"/>
</test>
<test id="s1-t95" name="type work time to" line="356">
<kw name="Input Text" library="SeleniumLibrary">
<arg>id=id_work_time_to</arg>
<arg>03:13</arg>
<doc>Types the given ``text`` into the text field identified by ``locator``.</doc>
<msg timestamp="20221203 00:00:48.360" level="INFO">Typing text '03:13' into text field 'id=id_work_time_to'.</msg>
<status status="PASS" starttime="20221203 00:00:48.359" endtime="20221203 00:00:48.887"/>
</kw>
<status status="PASS" starttime="20221203 00:00:48.357" endtime="20221203 00:00:48.888"/>
</test>
<test id="s1-t96" name="click cancel" line="359">
<kw name="Click Element" library="SeleniumLibrary">
<arg>xpath=//form/a</arg>
<doc>Click the element identified by ``locator``.</doc>
<msg timestamp="20221203 00:00:48.906" level="INFO">Clicking element 'xpath=//form/a'.</msg>
<status status="PASS" starttime="20221203 00:00:48.905" endtime="20221203 00:00:51.346"/>
</kw>
<status status="PASS" starttime="20221203 00:00:48.893" endtime="20221203 00:00:51.375"/>
</test>
<test id="s1-t97" name="Feed" line="365">
<kw name="Click Element" library="SeleniumLibrary">
<arg>xpath://li[7]/a</arg>
<doc>Click the element identified by ``locator``.</doc>
<msg timestamp="20221203 00:00:51.387" level="INFO">Clicking element 'xpath://li[7]/a'.</msg>
<status status="PASS" starttime="20221203 00:00:51.386" endtime="20221203 00:00:53.506"/>
</kw>
<status status="PASS" starttime="20221203 00:00:51.385" endtime="20221203 00:00:53.522"/>
</test>
<test id="s1-t98" name="click the add" line="368">
<kw name="Click Element" library="SeleniumLibrary">
<arg>xpath=//div[2]/div/div/a/span</arg>
<doc>Click the element identified by ``locator``.</doc>
<msg timestamp="20221203 00:00:53.536" level="INFO">Clicking element 'xpath=//div[2]/div/div/a/span'.</msg>
<status status="PASS" starttime="20221203 00:00:53.534" endtime="20221203 00:00:54.988"/>
</kw>
<status status="PASS" starttime="20221203 00:00:53.529" endtime="20221203 00:00:54.990"/>
</test>
<test id="s1-t99" name="type feed title" line="371">
<kw name="Input Text" library="SeleniumLibrary">
<arg>xpath=//div[2]/input</arg>
<arg>dawd</arg>
<doc>Types the given ``text`` into the text field identified by ``locator``.</doc>
<msg timestamp="20221203 00:00:55.003" level="INFO">Typing text 'dawd' into text field 'xpath=//div[2]/input'.</msg>
<status status="PASS" starttime="20221203 00:00:55.002" endtime="20221203 00:00:55.388"/>
</kw>
<status status="PASS" starttime="20221203 00:00:55.000" endtime="20221203 00:00:55.389"/>
</test>
<test id="s1-t100" name="type content" line="374">
<kw name="Input Text" library="SeleniumLibrary">
<arg>xpath=//textarea</arg>
<arg>dwadaw</arg>
<doc>Types the given ``text`` into the text field identified by ``locator``.</doc>
<msg timestamp="20221203 00:00:55.404" level="INFO">Typing text 'dwadaw' into text field 'xpath=//textarea'.</msg>
<status status="PASS" starttime="20221203 00:00:55.403" endtime="20221203 00:00:55.753"/>
</kw>
<status status="PASS" starttime="20221203 00:00:55.391" endtime="20221203 00:00:55.755"/>
</test>
<test id="s1-t101" name="type image image" line="377">
<kw name="Input Text" library="SeleniumLibrary">
<arg>xpath=//div[3]/div[2]/input</arg>
<arg>C:\downloads\postgresql[2].png</arg>
<doc>Types the given ``text`` into the text field identified by ``locator``.</doc>
<msg timestamp="20221203 00:00:55.764" level="INFO">Typing text 'C:downloadspostgresql[2].png' into text field 'xpath=//div[3]/div[2]/input'.</msg>
<msg timestamp="20221203 00:00:56.219" level="INFO" html="true">&lt;/td&gt;&lt;/tr&gt;&lt;tr&gt;&lt;td colspan="3"&gt;&lt;a href="selenium-screenshot-16.png"&gt;&lt;img src="selenium-screenshot-16.png" width="800px"&gt;&lt;/a&gt;</msg>
<msg timestamp="20221203 00:00:56.220" level="FAIL">InvalidArgumentException: Message: invalid argument: File not found : C:downloadspostgresql[2].png
  (Session info: chrome=107.0.5304.122)
Stacktrace:
Backtrace:
	Ordinal0 [0x0021ACD3+2075859]
	Ordinal0 [0x001AEE61+1633889]
	Ordinal0 [0x000AB7BD+571325]
	Ordinal0 [0x000D49BA+739770]
	Ordinal0 [0x000F731C+881436]
	Ordinal0 [0x000D15BF+726463]
	Ordinal0 [0x000F7534+881972]
	Ordinal0 [0x0010B56A+963946]
	Ordinal0 [0x000F7136+880950]
	Ordinal0 [0x000CFEFD+720637]
	Ordinal0 [0x000D0F3F+724799]
	GetHandleVerifier [0x004CEED2+2769538]
	GetHandleVerifier [0x004C0D95+2711877]
	GetHandleVerifier [0x002AA03A+521194]
	GetHandleVerifier [0x002A8DA0+516432]
	Ordinal0 [0x001B682C+1665068]
	Ordinal0 [0x001BB128+1683752]
	Ordinal0 [0x001BB215+1683989]
	Ordinal0 [0x001C6484+1729668]
	BaseThreadInitThunk [0x754DFEF9+25]
	RtlGetAppContainerNamedObjectPath [0x77707BBE+286]
	RtlGetAppContainerNamedObjectPath [0x77707B8E+238]
	(No symbol) [0x00000000]
</msg>
<status status="FAIL" starttime="20221203 00:00:55.762" endtime="20221203 00:00:56.221"/>
</kw>
<status status="FAIL" starttime="20221203 00:00:55.758" endtime="20221203 00:00:56.222">InvalidArgumentException: Message: invalid argument: File not found : C:downloadspostgresql[2].png
  (Session info: chrome=107.0.5304.122)
Stacktrace:
Backtrace:
	Ordinal0 [0x0021ACD3+2075859]
	Ordinal0 [0x001AEE61+1633889]
	Ordinal0 [0x000AB7BD+571325]
	Ordinal0 [0x000D49BA+739770]
	Ordinal0 [0x000F731C+881436]
	Ordinal0 [0x000D15BF+726463]
	Ordinal0 [0x000F7534+881972]
	Ordinal0 [0x0010B56A+963946]
	Ordinal0 [0x000F7136+880950]
	Ordinal0 [0x000CFEFD+720637]
	Ordinal0 [0x000D0F3F+724799]
	GetHandleVerifier [0x004CEED2+2769538]
	GetHandleVerifier [0x004C0D95+2711877]
	GetHandleVerifier [0x002AA03A+521194]
	GetHandleVerifier [0x002A8DA0+516432]
	Ordinal0 [0x001B682C+1665068]
	Ordinal0 [0x001BB128+1683752]
	Ordinal0 [0x001BB215+1683989]
	Ordinal0 [0x001C6484+1729668]
	BaseThreadInitThunk [0x754DFEF9+25]
	RtlGetAppContainerNamedObjectPath [0x77707BBE+286]
	RtlGetAppContainerNamedObjectPath [0x77707B8E+238]
	(No symbol) [0x00000000]
</status>
</test>
<test id="s1-t102" name="click submit" line="380">
<kw name="Click Element" library="SeleniumLibrary">
<arg>xpath=//div/button</arg>
<doc>Click the element identified by ``locator``.</doc>
<msg timestamp="20221203 00:00:56.240" level="INFO">Clicking element 'xpath=//div/button'.</msg>
<status status="PASS" starttime="20221203 00:00:56.239" endtime="20221203 00:00:59.022"/>
</kw>
<status status="PASS" starttime="20221203 00:00:56.237" endtime="20221203 00:00:59.024"/>
</test>
<test id="s1-t103" name="QA" line="387">
<kw name="Click Element" library="SeleniumLibrary">
<arg>xpath://li[8]/a</arg>
<doc>Click the element identified by ``locator``.</doc>
<msg timestamp="20221203 00:00:59.047" level="INFO">Clicking element 'xpath://li[8]/a'.</msg>
<status status="PASS" starttime="20221203 00:00:59.040" endtime="20221203 00:01:00.608"/>
</kw>
<status status="PASS" starttime="20221203 00:00:59.039" endtime="20221203 00:01:00.618"/>
</test>
<test id="s1-t104" name="click message icon" line="390">
<kw name="Click Element" library="SeleniumLibrary">
<arg>xpath=//i</arg>
<doc>Click the element identified by ``locator``.</doc>
<msg timestamp="20221203 00:01:00.625" level="INFO">Clicking element 'xpath=//i'.</msg>
<status status="PASS" starttime="20221203 00:01:00.623" endtime="20221203 00:01:01.990"/>
</kw>
<status status="PASS" starttime="20221203 00:01:00.621" endtime="20221203 00:01:01.991"/>
</test>
<test id="s1-t105" name="type message" line="393">
<kw name="Input Text" library="SeleniumLibrary">
<arg>id=floatingTextarea</arg>
<arg>text</arg>
<doc>Types the given ``text`` into the text field identified by ``locator``.</doc>
<msg timestamp="20221203 00:01:02.004" level="INFO">Typing text 'text' into text field 'id=floatingTextarea'.</msg>
<status status="PASS" starttime="20221203 00:01:02.003" endtime="20221203 00:01:02.441"/>
</kw>
<status status="PASS" starttime="20221203 00:01:02.001" endtime="20221203 00:01:02.449"/>
</test>
<test id="s1-t106" name="click send icon" line="396">
<kw name="Click Element" library="SeleniumLibrary">
<arg>xpath=//i</arg>
<doc>Click the element identified by ``locator``.</doc>
<msg timestamp="20221203 00:01:02.454" level="INFO">Clicking element 'xpath=//i'.</msg>
<status status="PASS" starttime="20221203 00:01:02.452" endtime="20221203 00:01:03.788"/>
</kw>
<status status="PASS" starttime="20221203 00:01:02.451" endtime="20221203 00:01:03.790"/>
</test>
<test id="s1-t107" name="Archive" line="403">
<kw name="Click Element" library="SeleniumLibrary">
<arg>xpath://span[contains(.,'Archive')]</arg>
<doc>Click the element identified by ``locator``.</doc>
<msg timestamp="20221203 00:01:03.817" level="INFO">Clicking element 'xpath://span[contains(.,'Archive')]'.</msg>
<status status="PASS" starttime="20221203 00:01:03.815" endtime="20221203 00:01:05.266"/>
</kw>
<status status="PASS" starttime="20221203 00:01:03.806" endtime="20221203 00:01:05.269"/>
</test>
<test id="s1-t108" name="Click medicine archuve" line="406">
<kw name="Click Element" library="SeleniumLibrary">
<arg>xpath=//div[2]/div/ul/li/a</arg>
<doc>Click the element identified by ``locator``.</doc>
<msg timestamp="20221203 00:01:05.279" level="INFO">Clicking element 'xpath=//div[2]/div/ul/li/a'.</msg>
<status status="PASS" starttime="20221203 00:01:05.273" endtime="20221203 00:01:06.556"/>
</kw>
<status status="PASS" starttime="20221203 00:01:05.272" endtime="20221203 00:01:06.561"/>
</test>
<test id="s1-t109" name="Click schedule archive" line="409">
<kw name="Click Element" library="SeleniumLibrary">
<arg>xpath=//div[2]/div/ul/li[2]/a</arg>
<doc>Click the element identified by ``locator``.</doc>
<msg timestamp="20221203 00:01:06.573" level="INFO">Clicking element 'xpath=//div[2]/div/ul/li[2]/a'.</msg>
<status status="PASS" starttime="20221203 00:01:06.571" endtime="20221203 00:01:08.089"/>
</kw>
<status status="PASS" starttime="20221203 00:01:06.570" endtime="20221203 00:01:08.097"/>
</test>
<test id="s1-t110" name="Click feed archive" line="412">
<kw name="Click Element" library="SeleniumLibrary">
<arg>xpath=//div[2]/div/ul/li[3]/a</arg>
<doc>Click the element identified by ``locator``.</doc>
<msg timestamp="20221203 00:01:08.102" level="INFO">Clicking element 'xpath=//div[2]/div/ul/li[3]/a'.</msg>
<status status="PASS" starttime="20221203 00:01:08.101" endtime="20221203 00:01:09.335"/>
</kw>
<status status="PASS" starttime="20221203 00:01:08.099" endtime="20221203 00:01:09.396"/>
</test>
<test id="s1-t111" name="Click morbidity archive" line="415">
<kw name="Click Element" library="SeleniumLibrary">
<arg>xpath=//a[contains(.,'Morbidity')]</arg>
<doc>Click the element identified by ``locator``.</doc>
<msg timestamp="20221203 00:01:09.402" level="INFO">Clicking element 'xpath=//a[contains(.,'Morbidity')]'.</msg>
<status status="PASS" starttime="20221203 00:01:09.401" endtime="20221203 00:01:10.772"/>
</kw>
<status status="PASS" starttime="20221203 00:01:09.400" endtime="20221203 00:01:10.781"/>
</test>
<test id="s1-t112" name="click childmasterlist" line="418">
<kw name="Click Element" library="SeleniumLibrary">
<arg>xpath=//div[2]/div/ul/li[5]/a</arg>
<doc>Click the element identified by ``locator``.</doc>
<msg timestamp="20221203 00:01:10.787" level="INFO">Clicking element 'xpath=//div[2]/div/ul/li[5]/a'.</msg>
<status status="PASS" starttime="20221203 00:01:10.786" endtime="20221203 00:01:12.101"/>
</kw>
<status status="PASS" starttime="20221203 00:01:10.784" endtime="20221203 00:01:12.103"/>
</test>
<test id="s1-t113" name="visit log book" line="421">
<kw name="Click Element" library="SeleniumLibrary">
<arg>xpath=//div[2]/div/ul/li[6]/a</arg>
<doc>Click the element identified by ``locator``.</doc>
<msg timestamp="20221203 00:01:12.117" level="INFO">Clicking element 'xpath=//div[2]/div/ul/li[6]/a'.</msg>
<status status="PASS" starttime="20221203 00:01:12.116" endtime="20221203 00:01:13.550"/>
</kw>
<status status="PASS" starttime="20221203 00:01:12.114" endtime="20221203 00:01:13.552"/>
</test>
<test id="s1-t114" name="antigen form" line="424">
<kw name="Click Element" library="SeleniumLibrary">
<arg>xpath=//div[2]/div/ul/li[7]/a</arg>
<doc>Click the element identified by ``locator``.</doc>
<msg timestamp="20221203 00:01:13.564" level="INFO">Clicking element 'xpath=//div[2]/div/ul/li[7]/a'.</msg>
<status status="PASS" starttime="20221203 00:01:13.563" endtime="20221203 00:01:14.951"/>
</kw>
<status status="PASS" starttime="20221203 00:01:13.555" endtime="20221203 00:01:14.953"/>
</test>
<test id="s1-t115" name="click masterlist pregnancy and newborn" line="427">
<kw name="Click Element" library="SeleniumLibrary">
<arg>xpath=//div[2]/div/ul/li[8]/a</arg>
<doc>Click the element identified by ``locator``.</doc>
<msg timestamp="20221203 00:01:14.965" level="INFO">Clicking element 'xpath=//div[2]/div/ul/li[8]/a'.</msg>
<status status="PASS" starttime="20221203 00:01:14.964" endtime="20221203 00:01:16.310"/>
</kw>
<status status="PASS" starttime="20221203 00:01:14.958" endtime="20221203 00:01:16.319"/>
</test>
<test id="s1-t116" name="itr check up masterlist" line="430">
<kw name="Click Element" library="SeleniumLibrary">
<arg>xpath=//div[2]/div/ul/li[9]/a</arg>
<doc>Click the element identified by ``locator``.</doc>
<msg timestamp="20221203 00:01:16.348" level="INFO">Clicking element 'xpath=//div[2]/div/ul/li[9]/a'.</msg>
<status status="PASS" starttime="20221203 00:01:16.346" endtime="20221203 00:01:17.954"/>
</kw>
<status status="PASS" starttime="20221203 00:01:16.338" endtime="20221203 00:01:17.965"/>
</test>
<test id="s1-t117" name="it for widowed" line="433">
<kw name="Click Element" library="SeleniumLibrary">
<arg>xpath=//li[10]/a</arg>
<doc>Click the element identified by ``locator``.</doc>
<msg timestamp="20221203 00:01:17.970" level="INFO">Clicking element 'xpath=//li[10]/a'.</msg>
<status status="PASS" starttime="20221203 00:01:17.969" endtime="20221203 00:01:19.535"/>
</kw>
<status status="PASS" starttime="20221203 00:01:17.967" endtime="20221203 00:01:19.546"/>
</test>
<test id="s1-t118" name="click child masterlist" line="436">
<kw name="Click Element" library="SeleniumLibrary">
<arg>xpath=//div[2]/div/ul/li[5]/a</arg>
<doc>Click the element identified by ``locator``.</doc>
<msg timestamp="20221203 00:01:19.554" level="INFO">Clicking element 'xpath=//div[2]/div/ul/li[5]/a'.</msg>
<status status="PASS" starttime="20221203 00:01:19.552" endtime="20221203 00:01:20.800"/>
</kw>
<status status="PASS" starttime="20221203 00:01:19.551" endtime="20221203 00:01:20.802"/>
</test>
<test id="s1-t119" name="select item to restore" line="439">
<kw name="Click Element" library="SeleniumLibrary">
<arg>xpath=//input</arg>
<doc>Click the element identified by ``locator``.</doc>
<msg timestamp="20221203 00:01:20.819" level="INFO">Clicking element 'xpath=//input'.</msg>
<status status="PASS" starttime="20221203 00:01:20.818" endtime="20221203 00:01:21.185"/>
</kw>
<status status="PASS" starttime="20221203 00:01:20.816" endtime="20221203 00:01:21.196"/>
</test>
<test id="s1-t120" name="click restore" line="442">
<kw name="Click Element" library="SeleniumLibrary">
<arg>xpath=//form/button</arg>
<doc>Click the element identified by ``locator``.</doc>
<msg timestamp="20221203 00:01:21.202" level="INFO">Clicking element 'xpath=//form/button'.</msg>
<status status="PASS" starttime="20221203 00:01:21.201" endtime="20221203 00:01:21.467"/>
</kw>
<status status="PASS" starttime="20221203 00:01:21.199" endtime="20221203 00:01:21.469"/>
</test>
<test id="s1-t121" name="click yes" line="445">
<kw name="Click Element" library="SeleniumLibrary">
<arg>xpath=//div[3]/button</arg>
<doc>Click the element identified by ``locator``.</doc>
<msg timestamp="20221203 00:01:21.485" level="INFO">Clicking element 'xpath=//div[3]/button'.</msg>
<status status="PASS" starttime="20221203 00:01:21.483" endtime="20221203 00:01:23.251"/>
</kw>
<status status="PASS" starttime="20221203 00:01:21.482" endtime="20221203 00:01:23.252"/>
</test>
<doc>Login to the system</doc>
<status status="FAIL" starttime="20221202 23:57:23.490" endtime="20221203 00:01:23.267"/>
</suite>
<statistics>
<total>
<stat pass="113" fail="8" skip="0">All Tests</stat>
</total>
<tag>
</tag>
<suite>
<stat pass="113" fail="8" skip="0" id="s1" name="Admin">Admin</stat>
</suite>
</statistics>
<errors>
<msg timestamp="20221202 23:58:26.977" level="WARN">Multiple tests with name 'Click Submit' executed in suite 'Admin'.</msg>
<msg timestamp="20221202 23:58:44.263" level="WARN">Multiple tests with name 'Type First Name' executed in suite 'Admin'.</msg>
<msg timestamp="20221202 23:58:44.757" level="WARN">Multiple tests with name 'Type Second Name' executed in suite 'Admin'.</msg>
<msg timestamp="20221202 23:58:45.124" level="WARN">Multiple tests with name 'Click Submit' executed in suite 'Admin'.</msg>
<msg timestamp="20221202 23:58:48.137" level="WARN">Multiple tests with name 'Click Edit' executed in suite 'Admin'.</msg>
<msg timestamp="20221202 23:58:49.878" level="WARN">Multiple tests with name 'Click Submit' executed in suite 'Admin'.</msg>
<msg timestamp="20221202 23:58:51.407" level="WARN">Multiple tests with name 'Click the Eye' executed in suite 'Admin'.</msg>
<msg timestamp="20221202 23:59:00.221" level="WARN">Multiple tests with name 'click submit' executed in suite 'Admin'.</msg>
<msg timestamp="20221202 23:59:09.255" level="WARN">Multiple tests with name 'Back' executed in suite 'Admin'.</msg>
<msg timestamp="20221202 23:59:14.766" level="WARN">Multiple tests with name 'click submit' executed in suite 'Admin'.</msg>
<msg timestamp="20221202 23:59:21.737" level="WARN">Multiple tests with name 'click submit' executed in suite 'Admin'.</msg>
<msg timestamp="20221202 23:59:26.487" level="WARN">Multiple tests with name 'click yes to confirm' executed in suite 'Admin'.</msg>
<msg timestamp="20221202 23:59:28.368" level="WARN">Multiple tests with name 'Back' executed in suite 'Admin'.</msg>
<msg timestamp="20221202 23:59:31.572" level="WARN">Multiple tests with name 'click the plus' executed in suite 'Admin'.</msg>
<msg timestamp="20221202 23:59:34.261" level="WARN">Multiple tests with name 'type first name' executed in suite 'Admin'.</msg>
<msg timestamp="20221202 23:59:36.065" level="WARN">Multiple tests with name 'type the second name' executed in suite 'Admin'.</msg>
<msg timestamp="20221202 23:59:38.937" level="WARN">Multiple tests with name 'view individual form' executed in suite 'Admin'.</msg>
<msg timestamp="20221202 23:59:48.533" level="WARN">Multiple tests with name 'click delete' executed in suite 'Admin'.</msg>
<msg timestamp="20221202 23:59:50.411" level="WARN">Multiple tests with name 'click yes to confirm' executed in suite 'Admin'.</msg>
<msg timestamp="20221202 23:59:54.785" level="WARN">Multiple tests with name 'Back' executed in suite 'Admin'.</msg>
<msg timestamp="20221203 00:00:02.266" level="WARN">Multiple tests with name 'Type the first name' executed in suite 'Admin'.</msg>
<msg timestamp="20221203 00:00:03.064" level="WARN">Multiple tests with name 'Type the second name' executed in suite 'Admin'.</msg>
<msg timestamp="20221203 00:00:03.399" level="WARN">Multiple tests with name 'click submit' executed in suite 'Admin'.</msg>
<msg timestamp="20221203 00:00:11.545" level="WARN">Multiple tests with name 'click submit' executed in suite 'Admin'.</msg>
<msg timestamp="20221203 00:00:14.062" level="WARN">Multiple tests with name 'click delete' executed in suite 'Admin'.</msg>
<msg timestamp="20221203 00:00:15.693" level="WARN">Multiple tests with name 'click yes' executed in suite 'Admin'.</msg>
<msg timestamp="20221203 00:00:17.427" level="WARN">Multiple tests with name 'Back' executed in suite 'Admin'.</msg>
<msg timestamp="20221203 00:00:36.869" level="WARN">Multiple tests with name 'click edit' executed in suite 'Admin'.</msg>
<msg timestamp="20221203 00:00:39.744" level="WARN">Multiple tests with name 'click delete' executed in suite 'Admin'.</msg>
<msg timestamp="20221203 00:00:41.775" level="WARN">Multiple tests with name 'click yes' executed in suite 'Admin'.</msg>
<msg timestamp="20221203 00:00:46.902" level="WARN">Multiple tests with name 'type the first name' executed in suite 'Admin'.</msg>
<msg timestamp="20221203 00:00:48.891" level="WARN">Multiple tests with name 'click cancel' executed in suite 'Admin'.</msg>
<msg timestamp="20221203 00:00:56.236" level="WARN">Multiple tests with name 'click submit' executed in suite 'Admin'.</msg>
<msg timestamp="20221203 00:01:12.106" level="WARN">Multiple tests with name 'visit log book' executed in suite 'Admin'.</msg>
<msg timestamp="20221203 00:01:16.337" level="WARN">Multiple tests with name 'itr check up masterlist' executed in suite 'Admin'.</msg>
<msg timestamp="20221203 00:01:19.548" level="WARN">Multiple tests with name 'click child masterlist' executed in suite 'Admin'.</msg>
<msg timestamp="20221203 00:01:21.479" level="WARN">Multiple tests with name 'click yes' executed in suite 'Admin'.</msg>
</errors>
</robot>
